<?xml version="1.0" encoding="UTF-8"?>
<!-- Generated by org.testng.reporters.JUnitXMLReporter -->
<testsuite ignored="0" hostname="DESKTOP-T8B8QGB" failures="0" tests="4" name="Default test" time="0.127" errors="0" timestamp="2022-08-21T17:34:23 IST">
  <testcase classname="JavaStreams" name="regular" time="0.023"/>
  <testcase classname="JavaStreams" name="streamCollect" time="0.005"/>
  <testcase classname="JavaStreams" name="streamFilter" time="0.007"/>
  <testcase classname="JavaStreams" name="streamMap" time="0.008"/>
</testsuite> <!-- Default test -->
